<?xml version="1.0" encoding="UTF-8"?>
<!-- Generated by org.testng.reporters.JUnitReportReporter -->
<testsuite hostname="DESKTOP-KFK85H4" failures="0" tests="1" name="testes.RunTest" time="69.644" errors="0" timestamp="2023-02-23T00:23:07 IST" skipped="0">
  <testcase classname="testes.RunTest" name="run" time="69.644"/>
  <system-out/>
</testsuite> <!-- testes.RunTest -->
